<?xml version="1.0" encoding="UTF-8"?><testsuite errors="0" failures="0" name="com.bestbuyapi.testsuite.StoresTagsTest" skipped="0" tests="5" time="5.01" timestamp="2020-05-25T23:58:21.144+01:00[Europe/London]"><testcase classname="com.bestbuyapi.testsuite.StoresTagsTest" name="This test will Creating a new Store"/><testcase classname="com.bestbuyapi.testsuite.StoresTagsTest" name="Deleting the Store information by Id "/><testcase classname="com.bestbuyapi.testsuite.StoresTagsTest" name="Getting the information of all the stores"/><testcase classname="com.bestbuyapi.testsuite.StoresTagsTest" name="Getting the information of the Store with ID"/><testcase classname="com.bestbuyapi.testsuite.StoresTagsTest" name="This test will update the store information and verify the updated information"/></testsuite>