<?xml version="1.0" encoding="UTF-8"?><testsuite errors="0" failures="0" name="com.bestbuyapi.testsuite.ProductTagsTest" skipped="0" tests="5" time="43.84" timestamp="2020-05-25T23:57:27.318+01:00[Europe/London]"><testcase classname="com.bestbuyapi.testsuite.ProductTagsTest" name="This test will create a new Product in the list"/><testcase classname="com.bestbuyapi.testsuite.ProductTagsTest" name="Deleting the Product information by UserId "/><testcase classname="com.bestbuyapi.testsuite.ProductTagsTest" name="Getting the information of all the products"/><testcase classname="com.bestbuyapi.testsuite.ProductTagsTest" name="Getting the information of the product with ID"/><testcase classname="com.bestbuyapi.testsuite.ProductTagsTest" name="Updating the product information and verifying "/></testsuite>